<?xml version="1.0" encoding="UTF-8"?>
<!-- Generated by org.testng.reporters.JUnitXMLReporter -->
<testsuite hostname="YP1005009DT" name="Default test" tests="14" failures="0" timestamp="7 Sep 2017 17:02:57 GMT" time="96.108" errors="0">
  <testcase name="@AfterClass finish" time="0.0" classname="TestCases.TestCase_Booking_smoke">
    <failure type="org.openqa.selenium.SessionNotCreatedException" message="Tried to run command without establishing a connection
Build info: version: &amp;apos;3.4.0&amp;apos;, revision: &amp;apos;unknown&amp;apos;, time: &amp;apos;unknown&amp;apos;
System info: host: &amp;apos;YP1005009DT&amp;apos;, ip: &amp;apos;10.8.100.103&amp;apos;, os.name: &amp;apos;Windows 7&amp;apos;, os.arch: &amp;apos;amd64&amp;apos;, os.version: &amp;apos;6.1&amp;apos;, java.version: &amp;apos;1.8.0_121&amp;apos;
Driver info: org.openqa.selenium.firefox.FirefoxDriver
Capabilities [{moz:profile=C:\Users\NIKHIL~1.WAG\AppData\Local\Temp\rust_mozprofile.fevSPr4VRYtg, rotatable=false, timeouts={implicit=0.0, pageLoad=300000.0, script=30000.0}, pageLoadStrategy=normal, platform=ANY, specificationLevel=0.0, moz:accessibilityChecks=false, acceptInsecureCerts=false, browserVersion=54.0.1, platformVersion=6.1, moz:processID=6832.0, browserName=firefox, javascriptEnabled=true, platformName=windows_nt}]
Session ID: d64c09a4-a5bc-4a3b-a757-3c1e7ee0314c">
      <![CDATA[org.openqa.selenium.SessionNotCreatedException: Tried to run command without establishing a connection
Build info: version: '3.4.0', revision: 'unknown', time: 'unknown'
System info: host: 'YP1005009DT', ip: '10.8.100.103', os.name: 'Windows 7', os.arch: 'amd64', os.version: '6.1', java.version: '1.8.0_121'
Driver info: org.openqa.selenium.firefox.FirefoxDriver
Capabilities [{moz:profile=C:\Users\NIKHIL~1.WAG\AppData\Local\Temp\rust_mozprofile.fevSPr4VRYtg, rotatable=false, timeouts={implicit=0.0, pageLoad=300000.0, script=30000.0}, pageLoadStrategy=normal, platform=ANY, specificationLevel=0.0, moz:accessibilityChecks=false, acceptInsecureCerts=false, browserVersion=54.0.1, platformVersion=6.1, moz:processID=6832.0, browserName=firefox, javascriptEnabled=true, platformName=windows_nt}]
Session ID: d64c09a4-a5bc-4a3b-a757-3c1e7ee0314c
	at sun.reflect.NativeConstructorAccessorImpl.newInstance0(Native Method)
	at sun.reflect.NativeConstructorAccessorImpl.newInstance(Unknown Source)
	at sun.reflect.DelegatingConstructorAccessorImpl.newInstance(Unknown Source)
	at java.lang.reflect.Constructor.newInstance(Unknown Source)
	at org.openqa.selenium.remote.http.W3CHttpResponseCodec.createException(W3CHttpResponseCodec.java:150)
	at org.openqa.selenium.remote.http.W3CHttpResponseCodec.decode(W3CHttpResponseCodec.java:115)
	at org.openqa.selenium.remote.http.W3CHttpResponseCodec.decode(W3CHttpResponseCodec.java:45)
	at org.openqa.selenium.remote.HttpCommandExecutor.execute(HttpCommandExecutor.java:164)
	at org.openqa.selenium.remote.service.DriverCommandExecutor.execute(DriverCommandExecutor.java:82)
	at org.openqa.selenium.remote.RemoteWebDriver.execute(RemoteWebDriver.java:637)
	at org.openqa.selenium.remote.RemoteWebDriver.execute(RemoteWebDriver.java:694)
	at org.openqa.selenium.remote.RemoteWebDriver.quit(RemoteWebDriver.java:533)
	at TestCases.TestCase_Booking_smoke.finish(TestCase_Booking_smoke.java:399)
	at sun.reflect.NativeMethodAccessorImpl.invoke0(Native Method)
	at sun.reflect.NativeMethodAccessorImpl.invoke(Unknown Source)
	at sun.reflect.DelegatingMethodAccessorImpl.invoke(Unknown Source)
	at java.lang.reflect.Method.invoke(Unknown Source)
	at org.testng.internal.MethodInvocationHelper.invokeMethod(MethodInvocationHelper.java:84)
	at org.testng.internal.Invoker.invokeConfigurationMethod(Invoker.java:564)
	at org.testng.internal.Invoker.invokeConfigurations(Invoker.java:213)
	at org.testng.internal.Invoker.invokeConfigurations(Invoker.java:138)
	at org.testng.internal.TestMethodWorker.invokeAfterClassMethods(TestMethodWorker.java:225)
	at org.testng.internal.TestMethodWorker.run(TestMethodWorker.java:114)
	at org.testng.TestRunner.privateRun(TestRunner.java:767)
	at org.testng.TestRunner.run(TestRunner.java:617)
	at org.testng.SuiteRunner.runTest(SuiteRunner.java:348)
	at org.testng.SuiteRunner.runSequentially(SuiteRunner.java:343)
	at org.testng.SuiteRunner.privateRun(SuiteRunner.java:305)
	at org.testng.SuiteRunner.run(SuiteRunner.java:254)
	at org.testng.SuiteRunnerWorker.runSuite(SuiteRunnerWorker.java:52)
	at org.testng.SuiteRunnerWorker.run(SuiteRunnerWorker.java:86)
	at org.testng.TestNG.runSuitesSequentially(TestNG.java:1224)
	at org.testng.TestNG.runSuitesLocally(TestNG.java:1149)
	at org.testng.TestNG.run(TestNG.java:1057)
	at org.testng.remote.AbstractRemoteTestNG.run(AbstractRemoteTestNG.java:132)
	at org.testng.remote.RemoteTestNG.initAndRun(RemoteTestNG.java:230)
	at org.testng.remote.RemoteTestNG.main(RemoteTestNG.java:76)
]]>
    </failure>
  </testcase> <!-- @AfterClass finish -->
  <testcase name="test_Search" time="8.77" classname="TestCases.TestCase_Booking_smoke"/>
  <testcase name="test_Search" time="2.391" classname="TestCases.TestCase_Booking_smoke"/>
  <testcase name="test_Search" time="8.819" classname="TestCases.TestCase_Booking_smoke"/>
  <testcase name="test_Search" time="6.672" classname="TestCases.TestCase_Booking_smoke"/>
  <testcase name="test_Search" time="6.004" classname="TestCases.TestCase_Booking_smoke"/>
  <testcase name="test_Search" time="19.126" classname="TestCases.TestCase_Booking_smoke"/>
  <testcase name="test_Search" time="6.813" classname="TestCases.TestCase_Booking_smoke"/>
  <testcase name="select_ProductName" time="1.012" classname="TestCases.TestCase_Booking_smoke"/>
  <testcase name="select_ProductName" time="1.014" classname="TestCases.TestCase_Booking_smoke"/>
  <testcase name="select_ProductName" time="1.013" classname="TestCases.TestCase_Booking_smoke"/>
  <testcase name="select_ProductName" time="1.015" classname="TestCases.TestCase_Booking_smoke"/>
  <testcase name="select_ProductName" time="1.013" classname="TestCases.TestCase_Booking_smoke"/>
  <testcase name="select_ProductName" time="1.015" classname="TestCases.TestCase_Booking_smoke"/>
  <testcase name="select_ProductName" time="1.015" classname="TestCases.TestCase_Booking_smoke"/>
</testsuite> <!-- Default test -->
